<?xml version="1.0" encoding="UTF-8"?>
<testng-results ignored="0" total="1" passed="1" failed="0" skipped="0">
  <reporter-output>
  </reporter-output>
  <suite started-at="2022-02-17T16:35:18 IST" name="Suite" finished-at="2022-02-17T16:35:36 IST" duration-ms="17716">
    <groups>
    </groups>
    <test started-at="2022-02-17T16:35:18 IST" name="Test" finished-at="2022-02-17T16:35:36 IST" duration-ms="17716">
      <class name="newMytrip.saucelabs.Saucelab_1">
        <test-method signature="chromeopt()[pri:0, instance:newMytrip.saucelabs.Saucelab_1@2928854b]" started-at="2022-02-17T16:35:18 IST" name="chromeopt" finished-at="2022-02-17T16:35:36 IST" duration-ms="17672" status="PASS">
          <reporter-output>
          </reporter-output>
        </test-method> <!-- chromeopt -->
      </class> <!-- newMytrip.saucelabs.Saucelab_1 -->
    </test> <!-- Test -->
  </suite> <!-- Suite -->
</testng-results>
